Timestamp: 2024-07-18 07:40:01
CPU Info: Model name:                           Intel(R) Core(TM) i7-7600U CPU @ 2.80GHz
RAM Info: Mem:           7.4Gi       6.4Gi       456Mi       449Mi       1.2Gi       987Mi
Root Filesystem Usage: /dev/sda3        70G   11G   60G  15% /
------------------------------------------------
Timestamp: 2024-07-18 07:45:01
CPU Info: Model name:                           Intel(R) Core(TM) i7-7600U CPU @ 2.80GHz
RAM Info: Mem:           7.4Gi       6.5Gi       253Mi       455Mi       1.3Gi       872Mi
Root Filesystem Usage: /dev/sda3        70G   11G   60G  15% /
------------------------------------------------
Timestamp: 2024-07-18 07:50:01
CPU Info: Model name:                           Intel(R) Core(TM) i7-7600U CPU @ 2.80GHz
RAM Info: Mem:           7.4Gi       6.5Gi       276Mi       437Mi       1.3Gi       899Mi
Root Filesystem Usage: /dev/sda3        70G   11G   60G  15% /
------------------------------------------------
Timestamp: 2024-07-18 07:55:01
CPU Info: Model name:                           Intel(R) Core(TM) i7-7600U CPU @ 2.80GHz
RAM Info: Mem:           7.4Gi       6.4Gi       354Mi       385Mi       1.2Gi       982Mi
Root Filesystem Usage: /dev/sda3        70G   11G   60G  15% /
------------------------------------------------
Timestamp: 2024-07-18 08:00:01
CPU Info: Model name:                           Intel(R) Core(TM) i7-7600U CPU @ 2.80GHz
RAM Info: Mem:           7.4Gi       6.6Gi       186Mi       467Mi       1.3Gi       808Mi
Root Filesystem Usage: /dev/sda3        70G   11G   60G  15% /
------------------------------------------------
Timestamp: 2024-07-18 08:05:01
CPU Info: Model name:                           Intel(R) Core(TM) i7-7600U CPU @ 2.80GHz
RAM Info: Mem:           7.4Gi       6.4Gi       375Mi       394Mi       1.3Gi       1.0Gi
Root Filesystem Usage: /dev/sda3        70G   11G   60G  15% /
------------------------------------------------
